<?xml version="1.0" encoding="UTF-8"?>
<!-- Generated by org.testng.reporters.JUnitReportReporter -->
<testsuite name="com.indusface.test.AssignmentTest" tests="1" time="6.815" ignored="0" failures="0" timestamp="24 Jan 2017 08:17:25 GMT" skipped="0" hostname="LAPTOP-99QE08VK" errors="0">
  <testcase name="test" time="6.815" classname="com.indusface.test.AssignmentTest"/>
</testsuite> <!-- com.indusface.test.AssignmentTest -->
